0 info it worked if it ends with ok
1 verbose cli [ '/usr/bin/nodejs', '/usr/bin/npm', 'run', 'heroku' ]
2 info using npm@3.8.6
3 info using node@v5.12.0
4 verbose run-script [ 'preheroku', 'heroku', 'postheroku' ]
5 info lifecycle angular_app_seed@1.0.0~preheroku: angular_app_seed@1.0.0
6 silly lifecycle angular_app_seed@1.0.0~preheroku: no script for preheroku, continuing
7 info lifecycle angular_app_seed@1.0.0~heroku: angular_app_seed@1.0.0
8 verbose lifecycle angular_app_seed@1.0.0~heroku: unsafe-perm in lifecycle true
9 verbose lifecycle angular_app_seed@1.0.0~heroku: PATH: /usr/lib/node_modules/npm/bin/node-gyp-bin:/home/alexey/Dropbox/Websites/angular_app_seed/node_modules/.bin:/usr/bin:/home/alexey/bin:/usr/local/heroku/bin:/home/alexey/.rbenv/plugins/ruby-build/bin:/home/alexey/.rbenv/shims:/home/alexey/.rbenv/bin:/usr/local/sbin:/usr/local/bin:/usr/sbin:/usr/bin:/sbin:/bin:/usr/games:/usr/local/games:/snap/bin:/snap/bin
10 verbose lifecycle angular_app_seed@1.0.0~heroku: CWD: /home/alexey/Dropbox/Websites/angular_app_seed
11 silly lifecycle angular_app_seed@1.0.0~heroku: Args: [ '-c', 'git push heroku master' ]
12 silly lifecycle angular_app_seed@1.0.0~heroku: Returned: code: 128  signal: null
13 info lifecycle angular_app_seed@1.0.0~heroku: Failed to exec heroku script
14 verbose stack Error: angular_app_seed@1.0.0 heroku: `git push heroku master`
14 verbose stack Exit status 128
14 verbose stack     at EventEmitter.<anonymous> (/usr/lib/node_modules/npm/lib/utils/lifecycle.js:239:16)
14 verbose stack     at emitTwo (events.js:100:13)
14 verbose stack     at EventEmitter.emit (events.js:185:7)
14 verbose stack     at ChildProcess.<anonymous> (/usr/lib/node_modules/npm/lib/utils/spawn.js:24:14)
14 verbose stack     at emitTwo (events.js:100:13)
14 verbose stack     at ChildProcess.emit (events.js:185:7)
14 verbose stack     at maybeClose (internal/child_process.js:850:16)
14 verbose stack     at Process.ChildProcess._handle.onexit (internal/child_process.js:215:5)
15 verbose pkgid angular_app_seed@1.0.0
16 verbose cwd /home/alexey/Dropbox/Websites/angular_app_seed
17 error Linux 4.5.0-040500-generic
18 error argv "/usr/bin/nodejs" "/usr/bin/npm" "run" "heroku"
19 error node v5.12.0
20 error npm  v3.8.6
21 error code ELIFECYCLE
22 error angular_app_seed@1.0.0 heroku: `git push heroku master`
22 error Exit status 128
23 error Failed at the angular_app_seed@1.0.0 heroku script 'git push heroku master'.
23 error Make sure you have the latest version of node.js and npm installed.
23 error If you do, this is most likely a problem with the angular_app_seed package,
23 error not with npm itself.
23 error Tell the author that this fails on your system:
23 error     git push heroku master
23 error You can get information on how to open an issue for this project with:
23 error     npm bugs angular_app_seed
23 error Or if that isn't available, you can get their info via:
23 error     npm owner ls angular_app_seed
23 error There is likely additional logging output above.
24 verbose exit [ 1, true ]
